<?xml version="1.0" encoding="UTF-8"?>
<!-- Generated by org.testng.reporters.JUnitXMLReporter -->
<testsuite hostname="Om-Satapthy" ignored="0" name="Test1" tests="2" failures="2" timestamp="2022-04-12T11:23:26 IST" time="0.185" errors="0">
  <testcase name="launch" time="0.138" classname="Website.SonicWeb.HomePage">
    <failure type="java.lang.IllegalStateException" message="The driver executable does not exist: /Users/om.satapthy/Downloads/geckodriver.exe">
      <![CDATA[java.lang.IllegalStateException: The driver executable does not exist: /Users/om.satapthy/Downloads/geckodriver.exe
at com.google.common.base.Preconditions.checkState(Preconditions.java:591)
at org.openqa.selenium.remote.service.DriverService.checkExecutable(DriverService.java:146)
at org.openqa.selenium.remote.service.DriverService.findExecutable(DriverService.java:141)
at org.openqa.selenium.firefox.GeckoDriverService.access$100(GeckoDriverService.java:44)
at org.openqa.selenium.firefox.GeckoDriverService$Builder.findDefaultExecutable(GeckoDriverService.java:167)
at org.openqa.selenium.remote.service.DriverService$Builder.build(DriverService.java:355)
at org.openqa.selenium.firefox.FirefoxDriver.toExecutor(FirefoxDriver.java:190)
at org.openqa.selenium.firefox.FirefoxDriver.<init>(FirefoxDriver.java:147)
at org.openqa.selenium.firefox.FirefoxDriver.<init>(FirefoxDriver.java:125)
at Website.SonicWeb.HomePage.launch(HomePage.java:45)
at java.util.ArrayList.forEach(ArrayList.java:1257)
... Removed 27 stack frames]]>
    </failure>
  </testcase> <!-- launch -->
  <testcase name="totalNumberJobs" time="0.004" classname="Website.SonicWeb.HomePage">
    <failure type="java.lang.NullPointerException">
      <![CDATA[java.lang.NullPointerException
at Website.SonicWeb.HomePage.totalNumberJobs(HomePage.java:90)
at java.util.ArrayList.forEach(ArrayList.java:1257)
... Removed 27 stack frames]]>
    </failure>
  </testcase> <!-- totalNumberJobs -->
</testsuite> <!-- Test1 -->
